<?xml version="1.0" encoding="UTF-8"?>
<!-- Generated by org.testng.reporters.JUnitReportReporter -->
<testsuite hostname="TYC112177SindhuRM" failures="0" tests="1" name="automationScripts.Script_002" time="31.355" errors="0" timestamp="2022-01-29T19:21:56 IST" skipped="0">
  <testcase classname="automationScripts.Script_002" name="createInvoiceWith_Created_Status" time="31.355"/>
  <system-out/>
</testsuite> <!-- automationScripts.Script_002 -->
