<?xml version="1.0" encoding="UTF-8"?>
<!-- Generated by org.testng.reporters.JUnitReportReporter -->
<testsuite hostname="TYC112177SindhuRM" failures="0" tests="1" name="automationScripts.TC_002" time="38.028" errors="0" timestamp="2022-01-31T10:38:21 IST" skipped="0">
  <testcase classname="automationScripts.TC_002" name="createInvoiceWith_Created_Status" time="38.028"/>
  <system-out/>
</testsuite> <!-- automationScripts.TC_002 -->
