<?xml version="1.0" encoding="UTF-8"?>
<!-- Generated by org.testng.reporters.JUnitReportReporter -->
<testsuite hostname="TYC112177SindhuRM" failures="0" tests="1" name="automationScript.TC_Contact_001" time="18.585" errors="0" timestamp="2022-01-24T19:24:34 IST" skipped="0">
  <testcase classname="automationScript.TC_Contact_001" name="demo" time="18.585"/>
  <system-out/>
</testsuite> <!-- automationScript.TC_Contact_001 -->
