<?xml version="1.0" encoding="UTF-8"?>
<!-- Generated by org.testng.reporters.JUnitReportReporter -->
<testsuite hostname="TYC112177SindhuRM" failures="0" tests="1" name="automationScripts.Script_005" time="27.954" errors="0" timestamp="2022-01-29T19:24:17 IST" skipped="0">
  <testcase classname="automationScripts.Script_005" name="createInvoiceWith_CreditInvoice_Status" time="27.954"/>
  <system-out/>
</testsuite> <!-- automationScripts.Script_005 -->
