<?xml version="1.0" encoding="UTF-8"?>
<!-- Generated by org.testng.reporters.JUnitReportReporter -->
<testsuite hostname="TYC112177SindhuRM" failures="0" tests="1" name="automationScripts.TC_004" time="34.785" errors="0" timestamp="2022-01-31T10:40:06 IST" skipped="0">
  <testcase classname="automationScripts.TC_004" name="createInvoiceWith_Sent_Status" time="34.785"/>
  <system-out/>
</testsuite> <!-- automationScripts.TC_004 -->
