<?xml version="1.0" encoding="UTF-8"?>
<!-- Generated by org.testng.reporters.JUnitReportReporter -->
<testsuite hostname="TYC112177SindhuRM" failures="0" tests="1" name="automationScripts.TC_001" time="87.892" errors="0" timestamp="2022-02-01T22:06:16 IST" skipped="0">
  <testcase classname="automationScripts.TC_001" name="createInvoice" time="87.892"/>
  <system-out/>
</testsuite> <!-- automationScripts.TC_001 -->
