<?xml version="1.0" encoding="UTF-8"?>
<!-- Generated by org.testng.reporters.JUnitReportReporter -->
<testsuite hostname="TYC112177SindhuRM" failures="0" tests="1" name="automationScripts.TC_003" time="31.975" errors="0" timestamp="2022-01-31T16:10:43 IST" skipped="0">
  <testcase classname="automationScripts.TC_003" name="createInvoiceWith_Approved_Status" time="31.975"/>
  <system-out/>
</testsuite> <!-- automationScripts.TC_003 -->
