<?xml version="1.0" encoding="UTF-8"?>
<!-- Generated by org.testng.reporters.JUnitReportReporter -->
<testsuite hostname="TYC112177SindhuRM" failures="0" tests="1" name="automationScripts.Script_003" time="36.851" errors="0" timestamp="2022-01-29T19:22:47 IST" skipped="0">
  <testcase classname="automationScripts.Script_003" name="createInvoiceWith_Approved_Status" time="36.851"/>
  <system-out/>
</testsuite> <!-- automationScripts.Script_003 -->
