<?xml version="1.0" encoding="UTF-8"?>
<!-- Generated by org.testng.reporters.JUnitReportReporter -->
<testsuite hostname="TYC112177SindhuRM" failures="0" tests="1" name="automationScripts.Script_004" time="31.278" errors="0" timestamp="2022-01-29T19:23:32 IST" skipped="0">
  <testcase classname="automationScripts.Script_004" name="createInvoiceWith_Sent_Status" time="31.278"/>
  <system-out/>
</testsuite> <!-- automationScripts.Script_004 -->
