<?xml version="1.0" encoding="UTF-8"?>
<!-- Generated by org.testng.reporters.JUnitReportReporter -->
<testsuite hostname="TYC112177SindhuRM" failures="0" tests="1" name="automationScript.Script_003" time="0.012" errors="1" timestamp="2022-01-28T23:00:47 IST" skipped="0">
  <testcase classname="automationScript.Script_003" name="createInvoiceWith_Approved_Status" time="0.012">
    <error message="Unresolved compilation problems: 
	ExcelLib cannot be resolved
	ExcelLib cannot be resolved
	ExcelLib cannot be resolved
	ExcelLib cannot be resolved
	ExcelLib cannot be resolved
	ExcelLib cannot be resolved
	ExcelLib cannot be resolved
	ExcelLib cannot be resolved
	ExcelLib cannot be resolved
	TC_Login_001 cannot be resolved to a type
	TC_Login_001 cannot be resolved to a type
	TC_HomePage_001 cannot be resolved to a type
	TC_HomePage_001 cannot be resolved to a type
	TC_HomePage_001 cannot be resolved to a type
	TC_HomePage_001 cannot be resolved to a type
	TC_InvoiceLookUpImage_001 cannot be resolved to a type
	TC_InvoiceLookUpImage_001 cannot be resolved to a type
	TC_CreatingNewInvoice_001 cannot be resolved to a type
	TC_CreatingNewInvoice_001 cannot be resolved to a type
	TC_CreatingNewInvoice_001 cannot be resolved to a type
	TC_CreatingNewInvoice_001 cannot be resolved to a type
	TC_CreatingNewInvoice_001 cannot be resolved to a type
	TC_CreatingNewInvoice_001 cannot be resolved to a type
	TC_CreatingNewInvoice_001 cannot be resolved to a type
	TC_CreatingNewInvoice_001 cannot be resolved to a type
	TC_CreatingNewInvoice_001 cannot be resolved to a type
	TC_CreatingNewInvoice_001 cannot be resolved to a type
	TC_CreatingNewInvoice_001 cannot be resolved to a type
	TC_CreatingNewInvoice_001 cannot be resolved to a type
	TC_CreatingNewInvoice_001 cannot be resolved to a type
	TC_CreatingNewInvoice_001 cannot be resolved to a type
	TC_CreatingNewInvoice_001 cannot be resolved to a type
	TC_CreatingNewInvoice_001 cannot be resolved to a type
	TC_CreatingNewInvoice_001 cannot be resolved to a type
	TC_CreatingNewInvoice_001 cannot be resolved to a type
	TC_CreatingNewInvoice_001 cannot be resolved to a type
	TC_CreatingNewInvoice_001 cannot be resolved to a type
	TC_CreatingNewInvoice_001 cannot be resolved to a type
	TC_CreatingNewInvoice_001 cannot be resolved to a type
	TC_CreatingNewInvoice_001 cannot be resolved to a type
	TC_CreatingNewInvoice_001 cannot be resolved to a type
" type="java.lang.Error">
      <![CDATA[java.lang.Error: Unresolved compilation problems: 
ExcelLib cannot be resolved
ExcelLib cannot be resolved
ExcelLib cannot be resolved
ExcelLib cannot be resolved
ExcelLib cannot be resolved
ExcelLib cannot be resolved
ExcelLib cannot be resolved
ExcelLib cannot be resolved
ExcelLib cannot be resolved
TC_Login_001 cannot be resolved to a type
TC_Login_001 cannot be resolved to a type
TC_HomePage_001 cannot be resolved to a type
TC_HomePage_001 cannot be resolved to a type
TC_HomePage_001 cannot be resolved to a type
TC_HomePage_001 cannot be resolved to a type
TC_InvoiceLookUpImage_001 cannot be resolved to a type
TC_InvoiceLookUpImage_001 cannot be resolved to a type
TC_CreatingNewInvoice_001 cannot be resolved to a type
TC_CreatingNewInvoice_001 cannot be resolved to a type
TC_CreatingNewInvoice_001 cannot be resolved to a type
TC_CreatingNewInvoice_001 cannot be resolved to a type
TC_CreatingNewInvoice_001 cannot be resolved to a type
TC_CreatingNewInvoice_001 cannot be resolved to a type
TC_CreatingNewInvoice_001 cannot be resolved to a type
TC_CreatingNewInvoice_001 cannot be resolved to a type
TC_CreatingNewInvoice_001 cannot be resolved to a type
TC_CreatingNewInvoice_001 cannot be resolved to a type
TC_CreatingNewInvoice_001 cannot be resolved to a type
TC_CreatingNewInvoice_001 cannot be resolved to a type
TC_CreatingNewInvoice_001 cannot be resolved to a type
TC_CreatingNewInvoice_001 cannot be resolved to a type
TC_CreatingNewInvoice_001 cannot be resolved to a type
TC_CreatingNewInvoice_001 cannot be resolved to a type
TC_CreatingNewInvoice_001 cannot be resolved to a type
TC_CreatingNewInvoice_001 cannot be resolved to a type
TC_CreatingNewInvoice_001 cannot be resolved to a type
TC_CreatingNewInvoice_001 cannot be resolved to a type
TC_CreatingNewInvoice_001 cannot be resolved to a type
TC_CreatingNewInvoice_001 cannot be resolved to a type
TC_CreatingNewInvoice_001 cannot be resolved to a type
TC_CreatingNewInvoice_001 cannot be resolved to a type

at automationScript.Script_003.createInvoiceWith_Approved_Status(Script_003.java:23)
at java.base/jdk.internal.reflect.NativeMethodAccessorImpl.invoke0(Native Method)
at java.base/jdk.internal.reflect.NativeMethodAccessorImpl.invoke(NativeMethodAccessorImpl.java:64)
at java.base/jdk.internal.reflect.DelegatingMethodAccessorImpl.invoke(DelegatingMethodAccessorImpl.java:43)
at java.base/java.lang.reflect.Method.invoke(Method.java:564)
at org.testng.internal.MethodInvocationHelper.invokeMethod(MethodInvocationHelper.java:132)
at org.testng.internal.TestInvoker.invokeMethod(TestInvoker.java:599)
at org.testng.internal.TestInvoker.invokeTestMethod(TestInvoker.java:174)
at org.testng.internal.MethodRunner.runInSequence(MethodRunner.java:46)
at org.testng.internal.TestInvoker$MethodInvocationAgent.invoke(TestInvoker.java:822)
at org.testng.internal.TestInvoker.invokeTestMethods(TestInvoker.java:147)
at org.testng.internal.TestMethodWorker.invokeTestMethods(TestMethodWorker.java:146)
at org.testng.internal.TestMethodWorker.run(TestMethodWorker.java:128)
at java.base/java.util.ArrayList.forEach(ArrayList.java:1511)
at org.testng.TestRunner.privateRun(TestRunner.java:764)
at org.testng.TestRunner.run(TestRunner.java:585)
at org.testng.SuiteRunner.runTest(SuiteRunner.java:384)
at org.testng.SuiteRunner.runSequentially(SuiteRunner.java:378)
at org.testng.SuiteRunner.privateRun(SuiteRunner.java:337)
at org.testng.SuiteRunner.run(SuiteRunner.java:286)
at org.testng.SuiteRunnerWorker.runSuite(SuiteRunnerWorker.java:53)
at org.testng.SuiteRunnerWorker.run(SuiteRunnerWorker.java:96)
at org.testng.TestNG.runSuitesSequentially(TestNG.java:1218)
at org.testng.TestNG.runSuitesLocally(TestNG.java:1140)
at org.testng.TestNG.runSuites(TestNG.java:1069)
at org.testng.TestNG.run(TestNG.java:1037)
at org.testng.remote.AbstractRemoteTestNG.run(AbstractRemoteTestNG.java:115)
at org.testng.remote.RemoteTestNG.initAndRun(RemoteTestNG.java:251)
at org.testng.remote.RemoteTestNG.main(RemoteTestNG.java:77)
]]>
    </error>
  </testcase> <!-- createInvoiceWith_Approved_Status -->
  <system-out/>
</testsuite> <!-- automationScript.Script_003 -->
