<?xml version="1.0" encoding="UTF-8"?>
<!-- Generated by org.testng.reporters.JUnitReportReporter -->
<testsuite hostname="TYC112177SindhuRM" failures="0" tests="1" name="automationScripts.Script_001" time="32.357" errors="0" timestamp="2022-01-29T19:20:45 IST" skipped="0">
  <testcase classname="automationScripts.Script_001" name="createInvoice" time="32.357"/>
  <system-out/>
</testsuite> <!-- automationScripts.Script_001 -->
