<?xml version="1.0" encoding="UTF-8"?>
<!-- Generated by org.testng.reporters.JUnitReportReporter -->
<testsuite hostname="TYC112177SindhuRM" failures="0" tests="1" name="automationScripts.TC_005" time="29.944" errors="0" timestamp="2022-01-31T12:13:47 IST" skipped="0">
  <testcase classname="automationScripts.TC_005" name="createInvoiceWith_CreditInvoice_Status" time="29.944"/>
  <system-out/>
</testsuite> <!-- automationScripts.TC_005 -->
